<?xml version="1.0" encoding="UTF-8"?>
<testsuite xmlns:xsi="http://www.w3.org/2001/XMLSchema-instance" xsi:noNamespaceSchemaLocation="https://maven.apache.org/surefire/maven-surefire-plugin/xsd/surefire-test-report.xsd" name="com.zhf.UserTest" time="1.966" tests="6" errors="0" skipped="0" failures="0">
  <properties>
    <property name="sun.desktop" value="windows"/>
    <property name="awt.toolkit" value="sun.awt.windows.WToolkit"/>
    <property name="file.encoding.pkg" value="sun.io"/>
    <property name="java.specification.version" value="1.8"/>
    <property name="sun.cpu.isalist" value="amd64"/>
    <property name="sun.jnu.encoding" value="GBK"/>
    <property name="java.class.path" value="F:\gitstudy\MyFirstBatisProject\target\test-classes;F:\gitstudy\MyFirstBatisProject\target\classes;D:\maven_Repository\junit\junit\4.11\junit-4.11.jar;D:\maven_Repository\org\hamcrest\hamcrest-core\1.3\hamcrest-core-1.3.jar;D:\maven_Repository\mysql\mysql-connector-java\5.1.47\mysql-connector-java-5.1.47.jar;D:\maven_Repository\org\apache\commons\commons-dbcp2\2.1.1\commons-dbcp2-2.1.1.jar;D:\maven_Repository\org\apache\commons\commons-pool2\2.4.2\commons-pool2-2.4.2.jar;D:\maven_Repository\cglib\cglib\3.2.4\cglib-3.2.4.jar;D:\maven_Repository\org\ow2\asm\asm\5.1\asm-5.1.jar;D:\maven_Repository\org\apache\ant\ant\1.9.6\ant-1.9.6.jar;D:\maven_Repository\org\apache\ant\ant-launcher\1.9.6\ant-launcher-1.9.6.jar;D:\maven_Repository\ognl\ognl\3.1.12\ognl-3.1.12.jar;D:\maven_Repository\org\javassist\javassist\3.20.0-GA\javassist-3.20.0-GA.jar;D:\maven_Repository\org\apache\logging\log4j\log4j-core\2.3\log4j-core-2.3.jar;D:\maven_Repository\org\apache\logging\log4j\log4j-api\2.3\log4j-api-2.3.jar;D:\maven_Repository\org\slf4j\slf4j-log4j12\1.7.22\slf4j-log4j12-1.7.22.jar;D:\maven_Repository\org\slf4j\slf4j-api\1.7.22\slf4j-api-1.7.22.jar;D:\maven_Repository\log4j\log4j\1.2.17\log4j-1.2.17.jar;D:\maven_Repository\org\mybatis\mybatis\3.4.6\mybatis-3.4.6.jar;D:\maven_Repository\commons-logging\commons-logging\1.2\commons-logging-1.2.jar;D:\maven_Repository\org\mybatis\mybatis-spring\1.3.1\mybatis-spring-1.3.1.jar;D:\maven_Repository\org\springframework\spring-context\4.3.6.RELEASE\spring-context-4.3.6.RELEASE.jar;D:\maven_Repository\org\springframework\spring-aop\4.3.6.RELEASE\spring-aop-4.3.6.RELEASE.jar;D:\maven_Repository\org\springframework\spring-beans\4.3.6.RELEASE\spring-beans-4.3.6.RELEASE.jar;D:\maven_Repository\org\springframework\spring-core\4.3.6.RELEASE\spring-core-4.3.6.RELEASE.jar;D:\maven_Repository\org\springframework\spring-expression\4.3.6.RELEASE\spring-expression-4.3.6.RELEASE.jar;D:\maven_Repository\org\springframework\spring-tx\4.3.6.RELEASE\spring-tx-4.3.6.RELEASE.jar;D:\maven_Repository\org\springframework\spring-jdbc\4.3.6.RELEASE\spring-jdbc-4.3.6.RELEASE.jar;D:\maven_Repository\org\springframework\spring-aspects\4.3.6.RELEASE\spring-aspects-4.3.6.RELEASE.jar;D:\maven_Repository\org\aspectj\aspectjweaver\1.8.9\aspectjweaver-1.8.9.jar;D:\maven_Repository\aopalliance\aopalliance\1.0\aopalliance-1.0.jar;D:\maven_Repository\org\springframework\spring-webmvc\4.3.7.RELEASE\spring-webmvc-4.3.7.RELEASE.jar;D:\maven_Repository\org\springframework\spring-web\4.3.7.RELEASE\spring-web-4.3.7.RELEASE.jar;D:\maven_Repository\javax\servlet\servlet-api\2.5\servlet-api-2.5.jar;D:\maven_Repository\javax\servlet\jsp-api\2.0\jsp-api-2.0.jar;D:\maven_Repository\com\fasterxml\jackson\core\jackson-databind\2.8.8\jackson-databind-2.8.8.jar;D:\maven_Repository\com\fasterxml\jackson\core\jackson-annotations\2.8.0\jackson-annotations-2.8.0.jar;D:\maven_Repository\com\fasterxml\jackson\core\jackson-core\2.8.8\jackson-core-2.8.8.jar;D:\maven_Repository\commons-fileupload\commons-fileupload\1.3.2\commons-fileupload-1.3.2.jar;D:\maven_Repository\commons-io\commons-io\2.2\commons-io-2.2.jar;D:\maven_Repository\javax\servlet\jstl\1.1.2\jstl-1.1.2.jar;D:\maven_Repository\taglibs\standard\1.1.2\standard-1.1.2.jar;D:\maven_Repository\com\alibaba\fastjson\1.2.31\fastjson-1.2.31.jar;D:\maven_Repository\tk\mybatis\mapper\3.4.3\mapper-3.4.3.jar;D:\maven_Repository\javax\persistence\persistence-api\1.0\persistence-api-1.0.jar;D:\maven_Repository\org\mybatis\generator\mybatis-generator-core\1.3.5\mybatis-generator-core-1.3.5.jar;"/>
    <property name="java.vm.vendor" value="Oracle Corporation"/>
    <property name="sun.arch.data.model" value="64"/>
    <property name="user.variant" value=""/>
    <property name="java.vendor.url" value="http://java.oracle.com/"/>
    <property name="user.timezone" value="Asia/Shanghai"/>
    <property name="java.vm.specification.version" value="1.8"/>
    <property name="os.name" value="Windows 10"/>
    <property name="user.country" value="CN"/>
    <property name="sun.java.launcher" value="SUN_STANDARD"/>
    <property name="sun.boot.library.path" value="C:\Program Files\Java\jdk1.8.0_172\jre\bin"/>
    <property name="sun.java.command" value="C:\Users\ADMINI~1\AppData\Local\Temp\surefire1074593075832324466\surefirebooter2141558453331942250.jar C:\Users\Administrator\AppData\Local\Temp\surefire1074593075832324466 2020-01-06T13-57-17_420-jvmRun1 surefire4380968558220660445tmp surefire_0478773348311894027tmp"/>
    <property name="surefire.test.class.path" value="F:\gitstudy\MyFirstBatisProject\target\test-classes;F:\gitstudy\MyFirstBatisProject\target\classes;D:\maven_Repository\junit\junit\4.11\junit-4.11.jar;D:\maven_Repository\org\hamcrest\hamcrest-core\1.3\hamcrest-core-1.3.jar;D:\maven_Repository\mysql\mysql-connector-java\5.1.47\mysql-connector-java-5.1.47.jar;D:\maven_Repository\org\apache\commons\commons-dbcp2\2.1.1\commons-dbcp2-2.1.1.jar;D:\maven_Repository\org\apache\commons\commons-pool2\2.4.2\commons-pool2-2.4.2.jar;D:\maven_Repository\cglib\cglib\3.2.4\cglib-3.2.4.jar;D:\maven_Repository\org\ow2\asm\asm\5.1\asm-5.1.jar;D:\maven_Repository\org\apache\ant\ant\1.9.6\ant-1.9.6.jar;D:\maven_Repository\org\apache\ant\ant-launcher\1.9.6\ant-launcher-1.9.6.jar;D:\maven_Repository\ognl\ognl\3.1.12\ognl-3.1.12.jar;D:\maven_Repository\org\javassist\javassist\3.20.0-GA\javassist-3.20.0-GA.jar;D:\maven_Repository\org\apache\logging\log4j\log4j-core\2.3\log4j-core-2.3.jar;D:\maven_Repository\org\apache\logging\log4j\log4j-api\2.3\log4j-api-2.3.jar;D:\maven_Repository\org\slf4j\slf4j-log4j12\1.7.22\slf4j-log4j12-1.7.22.jar;D:\maven_Repository\org\slf4j\slf4j-api\1.7.22\slf4j-api-1.7.22.jar;D:\maven_Repository\log4j\log4j\1.2.17\log4j-1.2.17.jar;D:\maven_Repository\org\mybatis\mybatis\3.4.6\mybatis-3.4.6.jar;D:\maven_Repository\commons-logging\commons-logging\1.2\commons-logging-1.2.jar;D:\maven_Repository\org\mybatis\mybatis-spring\1.3.1\mybatis-spring-1.3.1.jar;D:\maven_Repository\org\springframework\spring-context\4.3.6.RELEASE\spring-context-4.3.6.RELEASE.jar;D:\maven_Repository\org\springframework\spring-aop\4.3.6.RELEASE\spring-aop-4.3.6.RELEASE.jar;D:\maven_Repository\org\springframework\spring-beans\4.3.6.RELEASE\spring-beans-4.3.6.RELEASE.jar;D:\maven_Repository\org\springframework\spring-core\4.3.6.RELEASE\spring-core-4.3.6.RELEASE.jar;D:\maven_Repository\org\springframework\spring-expression\4.3.6.RELEASE\spring-expression-4.3.6.RELEASE.jar;D:\maven_Repository\org\springframework\spring-tx\4.3.6.RELEASE\spring-tx-4.3.6.RELEASE.jar;D:\maven_Repository\org\springframework\spring-jdbc\4.3.6.RELEASE\spring-jdbc-4.3.6.RELEASE.jar;D:\maven_Repository\org\springframework\spring-aspects\4.3.6.RELEASE\spring-aspects-4.3.6.RELEASE.jar;D:\maven_Repository\org\aspectj\aspectjweaver\1.8.9\aspectjweaver-1.8.9.jar;D:\maven_Repository\aopalliance\aopalliance\1.0\aopalliance-1.0.jar;D:\maven_Repository\org\springframework\spring-webmvc\4.3.7.RELEASE\spring-webmvc-4.3.7.RELEASE.jar;D:\maven_Repository\org\springframework\spring-web\4.3.7.RELEASE\spring-web-4.3.7.RELEASE.jar;D:\maven_Repository\javax\servlet\servlet-api\2.5\servlet-api-2.5.jar;D:\maven_Repository\javax\servlet\jsp-api\2.0\jsp-api-2.0.jar;D:\maven_Repository\com\fasterxml\jackson\core\jackson-databind\2.8.8\jackson-databind-2.8.8.jar;D:\maven_Repository\com\fasterxml\jackson\core\jackson-annotations\2.8.0\jackson-annotations-2.8.0.jar;D:\maven_Repository\com\fasterxml\jackson\core\jackson-core\2.8.8\jackson-core-2.8.8.jar;D:\maven_Repository\commons-fileupload\commons-fileupload\1.3.2\commons-fileupload-1.3.2.jar;D:\maven_Repository\commons-io\commons-io\2.2\commons-io-2.2.jar;D:\maven_Repository\javax\servlet\jstl\1.1.2\jstl-1.1.2.jar;D:\maven_Repository\taglibs\standard\1.1.2\standard-1.1.2.jar;D:\maven_Repository\com\alibaba\fastjson\1.2.31\fastjson-1.2.31.jar;D:\maven_Repository\tk\mybatis\mapper\3.4.3\mapper-3.4.3.jar;D:\maven_Repository\javax\persistence\persistence-api\1.0\persistence-api-1.0.jar;D:\maven_Repository\org\mybatis\generator\mybatis-generator-core\1.3.5\mybatis-generator-core-1.3.5.jar;"/>
    <property name="sun.cpu.endian" value="little"/>
    <property name="user.home" value="C:\Users\Administrator"/>
    <property name="user.language" value="zh"/>
    <property name="java.specification.vendor" value="Oracle Corporation"/>
    <property name="java.home" value="C:\Program Files\Java\jdk1.8.0_172\jre"/>
    <property name="basedir" value="F:\gitstudy\MyFirstBatisProject"/>
    <property name="file.separator" value="\"/>
    <property name="line.separator" value="&#10;"/>
    <property name="java.vm.specification.vendor" value="Oracle Corporation"/>
    <property name="java.specification.name" value="Java Platform API Specification"/>
    <property name="java.awt.graphicsenv" value="sun.awt.Win32GraphicsEnvironment"/>
    <property name="surefire.real.class.path" value="C:\Users\ADMINI~1\AppData\Local\Temp\surefire1074593075832324466\surefirebooter2141558453331942250.jar"/>
    <property name="sun.boot.class.path" value="C:\Program Files\Java\jdk1.8.0_172\jre\lib\resources.jar;C:\Program Files\Java\jdk1.8.0_172\jre\lib\rt.jar;C:\Program Files\Java\jdk1.8.0_172\jre\lib\sunrsasign.jar;C:\Program Files\Java\jdk1.8.0_172\jre\lib\jsse.jar;C:\Program Files\Java\jdk1.8.0_172\jre\lib\jce.jar;C:\Program Files\Java\jdk1.8.0_172\jre\lib\charsets.jar;C:\Program Files\Java\jdk1.8.0_172\jre\lib\jfr.jar;C:\Program Files\Java\jdk1.8.0_172\jre\classes"/>
    <property name="user.script" value=""/>
    <property name="sun.management.compiler" value="HotSpot 64-Bit Tiered Compilers"/>
    <property name="java.runtime.version" value="1.8.0_172-b11"/>
    <property name="user.name" value="Administrator"/>
    <property name="path.separator" value=";"/>
    <property name="os.version" value="10.0"/>
    <property name="java.endorsed.dirs" value="C:\Program Files\Java\jdk1.8.0_172\jre\lib\endorsed"/>
    <property name="java.runtime.name" value="Java(TM) SE Runtime Environment"/>
    <property name="file.encoding" value="GBK"/>
    <property name="java.vm.name" value="Java HotSpot(TM) 64-Bit Server VM"/>
    <property name="localRepository" value="D:\maven_Repository"/>
    <property name="java.vendor.url.bug" value="http://bugreport.sun.com/bugreport/"/>
    <property name="java.io.tmpdir" value="C:\Users\ADMINI~1\AppData\Local\Temp\"/>
    <property name="idea.version" value="2018.3.5"/>
    <property name="java.version" value="1.8.0_172"/>
    <property name="user.dir" value="F:\gitstudy\MyFirstBatisProject"/>
    <property name="os.arch" value="amd64"/>
    <property name="java.vm.specification.name" value="Java Virtual Machine Specification"/>
    <property name="java.awt.printerjob" value="sun.awt.windows.WPrinterJob"/>
    <property name="sun.os.patch.level" value=""/>
    <property name="java.library.path" value="C:\Program Files\Java\jdk1.8.0_172\jre\bin;C:\windows\Sun\Java\bin;C:\windows\system32;C:\windows;F:\sfwebstudy\Tomcat8\apache-tomcat-8.5.27\bin;C:\Program Files (x86)\scala\bin;D:\orcale\app\oracle\product\10.2.0\server\bin;C:\Program Files\Java\jdk1.8.0_172\bin;C:\Program Files\Java\jdk1.8.0_172\jre\bin;C:\windows\system32;C:\windows;C:\windows\System32\Wbem;C:\windows\System32\WindowsPowerShell\v1.0\;C:\Program Files\dotnet\;F:\sfwebstudy\Tomcat8\apache-tomcat-8.5.27\lib;F:\sfwebstudy\Tomcat8\apache-tomcat-8.5.27\bin;C:\Program Files\MySQL\MySQL Server 8.0\bin;E:\maven\apache-maven-3.3.9\bin;C:\Program Files\VisualSVN Server\bin;C:\Program Files\TortoiseSVN\bin;E:\Program Files\PuTTY\;D:\git\Git\cmd;E:\FFmpeg\ffmpeg-4.2.1-win64-static\bin;D:\sqlite\sqlite-tools-win32-x86-3300100;D:\sqlite;C:\Users\Administrator\AppData\Local\Programs\Python\Python37\Scripts\;C:\Users\Administrator\AppData\Local\Programs\Python\Python37\;C:\Users\Administrator\AppData\Local\Microsoft\WindowsApps;C:\Program Files\Java\jdk1.8.0_172\bin;C:\Program Files (x86)\scala\bin;%M2_HOM2%\bin;E:\odpscmd\odpscmd_public_May\bin;F:\spark-hadoop-conf\\bin;E:\spark\spark-2.4.3-bin-hadoop2.7\spark-2.4.3-bin-hadoop2.71111111111\bin;E:\spark\spark-2.4.3-bin-hadoop2.7\spark-2.4.3-bin-hadoop2.71111111111\sbin;E:\JetBrains\PyCharm 2018.2\bin;E:\FFmpeg\ffmpeg-4.2.1-win64-static\bin;D:\sqlite;D:\sqlite\sqlite-tools-win32-x86-3300100;."/>
    <property name="java.vm.info" value="mixed mode"/>
    <property name="java.vendor" value="Oracle Corporation"/>
    <property name="java.vm.version" value="25.172-b11"/>
    <property name="java.ext.dirs" value="C:\Program Files\Java\jdk1.8.0_172\jre\lib\ext;C:\windows\Sun\Java\lib\ext"/>
    <property name="sun.io.unicode.encoding" value="UnicodeLittle"/>
    <property name="java.class.version" value="52.0"/>
  </properties>
  <testcase name="queryById" classname="com.zhf.UserTest" time="1.066"/>
  <testcase name="testAddUser" classname="com.zhf.UserTest" time="0.223"/>
  <testcase name="inserUser" classname="com.zhf.UserTest" time="0.21"/>
  <testcase name="updateUser" classname="com.zhf.UserTest" time="0.088"/>
  <testcase name="findUserByName" classname="com.zhf.UserTest" time="0.006"/>
  <testcase name="deleteUser" classname="com.zhf.UserTest" time="0.245"/>
</testsuite>